d:\mat351\project1\project1\x64\release\vc142.pdb
d:\mat351\project1\project1\x64\release\mathutil.obj
d:\mat351\project1\project1\x64\release\main.obj
d:\mat351\project1\project1\x64\release\fontdata.obj
d:\mat351\project1\project1\x64\release\drawutil.obj
d:\mat351\project1\project1\x64\release\camera.obj
d:\mat351\project1\x64\release\project1.exe
d:\mat351\project1\x64\release\project1.pdb
d:\mat351\project1\x64\release\project1.ipdb
d:\mat351\project1\x64\release\project1.iobj
d:\mat351_project1_ng_min_teck\project1\project1\x64\release\camera.obj
d:\mat351_project1_ng_min_teck\project1\project1\x64\release\drawutil.obj
d:\mat351_project1_ng_min_teck\project1\project1\x64\release\fontdata.obj
d:\mat351_project1_ng_min_teck\project1\project1\x64\release\main.obj
d:\mat351_project1_ng_min_teck\project1\project1\x64\release\mathutil.obj
d:\mat351_project1_ng_min_teck\project1\project1\x64\release\vc142.pdb
d:\mat351_project1_ng_min_teck\project1\x64\release\project1.pdb
d:\mat351_project1_ng_min_teck\project1\x64\release\project1.exe
d:\mat351_project1_ng_min_teck\project1\project1\x64\release\project1.tlog\cl.command.1.tlog
d:\mat351_project1_ng_min_teck\project1\project1\x64\release\project1.tlog\cl.read.1.tlog
d:\mat351_project1_ng_min_teck\project1\project1\x64\release\project1.tlog\cl.write.1.tlog
d:\mat351_project1_ng_min_teck\project1\project1\x64\release\project1.tlog\link.command.1.tlog
d:\mat351_project1_ng_min_teck\project1\project1\x64\release\project1.tlog\link.read.1.tlog
d:\mat351_project1_ng_min_teck\project1\project1\x64\release\project1.tlog\link.write.1.tlog
d:\mat351_project1_ng_min_teck\project1\project1\x64\release\project1.tlog\project1.write.1u.tlog
